# JRE version: OpenJDK Runtime Environment Temurin-21.0.10+7 (21.0.10+7) (build 21.0.10+7-LTS)
# Java VM: OpenJDK 64-Bit Server VM Temurin-21.0.10+7 (21.0.10+7-LTS, mixed mode, sharing, tiered, compressed oops, compressed class ptrs, parallel gc, windows-amd64)
GC Precious Log:
 CardTable entry size: 512
 CPUs: 8 total, 8 available
 Memory: 7418M
 Large Page Support: Disabled
 NUMA Support: Disabled
 Compressed Oops: Enabled (32-bit)
 Alignments: Space 512K, Generation 512K, Heap 2M
 Heap Min Capacity: 100M
 Heap Initial Capacity: 100M
 Heap Max Capacity: 2G
 Pre-touch: Disabled
 Parallel Workers: 8
Heap:
 PSYoungGen      total 13312K, used 3568K [0x00000000d5580000, 0x00000000d6480000, 0x0000000100000000)
  eden space 12288K, 20% used [0x00000000d5580000,0x00000000d5803680,0x00000000d6180000)
  from space 1024K, 97% used [0x00000000d6180000,0x00000000d6278a90,0x00000000d6280000)
  to   space 1536K, 0% used [0x00000000d6300000,0x00000000d6300000,0x00000000d6480000)
 ParOldGen       total 108032K, used 107819K [0x0000000080000000, 0x0000000086980000, 0x00000000d5580000)
  object space 108032K, 99% used [0x0000000080000000,0x000000008694af50,0x0000000086980000)
 Metaspace       used 68313K, committed 69888K, reserved 1114112K
  class space    used 7001K, committed 7680K, reserved 1048576K
GC Heap History (20 events):
Event: 204.449 GC heap before
{Heap before GC invocations=109 (full 3):
 PSYoungGen      total 12800K, used 12672K [0x00000000d5580000, 0x00000000d6400000, 0x0000000100000000)
  eden space 12288K, 100% used [0x00000000d5580000,0x00000000d6180000,0x00000000d6180000)
  from space 512K, 75% used [0x00000000d6200000,0x00000000d6260000,0x00000000d6280000)
  to   space 1024K, 0% used [0x00000000d6300000,0x00000000d6300000,0x00000000d6400000)
 ParOldGen       total 102912K, used 102767K [0x0000000080000000, 0x0000000086480000, 0x00000000d5580000)
  object space 102912K, 99% used [0x0000000080000000,0x000000008645bd50,0x0000000086480000)
 Metaspace       used 67759K, committed 69376K, reserved 1114112K
  class space    used 6939K, committed 7616K, reserved 1048576K
}
Event: 204.453 GC heap after
{Heap after GC invocations=109 (full 3):
 PSYoungGen      total 13312K, used 1008K [0x00000000d5580000, 0x00000000d6480000, 0x0000000100000000)
  eden space 12288K, 0% used [0x00000000d5580000,0x00000000d5580000,0x00000000d6180000)
  from space 1024K, 98% used [0x00000000d6300000,0x00000000d63fc0b0,0x00000000d6400000)
  to   space 1536K, 0% used [0x00000000d6180000,0x00000000d6180000,0x00000000d6300000)
 ParOldGen       total 103424K, used 102999K [0x0000000080000000, 0x0000000086500000, 0x00000000d5580000)
  object space 103424K, 99% used [0x0000000080000000,0x0000000086495d50,0x0000000086500000)
 Metaspace       used 67759K, committed 69376K, reserved 1114112K
  class space    used 6939K, committed 7616K, reserved 1048576K
}
Event: 204.474 GC heap before
{Heap before GC invocations=110 (full 3):
 PSYoungGen      total 13312K, used 13296K [0x00000000d5580000, 0x00000000d6480000, 0x0000000100000000)
  eden space 12288K, 100% used [0x00000000d5580000,0x00000000d6180000,0x00000000d6180000)
  from space 1024K, 98% used [0x00000000d6300000,0x00000000d63fc0b0,0x00000000d6400000)
  to   space 1536K, 0% used [0x00000000d6180000,0x00000000d6180000,0x00000000d6300000)
 ParOldGen       total 103424K, used 102999K [0x0000000080000000, 0x0000000086500000, 0x00000000d5580000)
  object space 103424K, 99% used [0x0000000080000000,0x0000000086495d50,0x0000000086500000)
 Metaspace       used 67759K, committed 69376K, reserved 1114112K
  class space    used 6939K, committed 7616K, reserved 1048576K
}
Event: 204.476 GC heap after
{Heap after GC invocations=110 (full 3):
 PSYoungGen      total 12800K, used 320K [0x00000000d5580000, 0x00000000d6380000, 0x0000000100000000)
  eden space 12288K, 0% used [0x00000000d5580000,0x00000000d5580000,0x00000000d6180000)
  from space 512K, 62% used [0x00000000d6180000,0x00000000d61d0000,0x00000000d6200000)
  to   space 1024K, 0% used [0x00000000d6280000,0x00000000d6280000,0x00000000d6380000)
 ParOldGen       total 103936K, used 103900K [0x0000000080000000, 0x0000000086580000, 0x00000000d5580000)
  object space 103936K, 99% used [0x0000000080000000,0x0000000086577390,0x0000000086580000)
 Metaspace       used 67759K, committed 69376K, reserved 1114112K
  class space    used 6939K, committed 7616K, reserved 1048576K
}
Event: 204.519 GC heap before
{Heap before GC invocations=111 (full 3):
 PSYoungGen      total 12800K, used 12608K [0x00000000d5580000, 0x00000000d6380000, 0x0000000100000000)
  eden space 12288K, 100% used [0x00000000d5580000,0x00000000d6180000,0x00000000d6180000)
  from space 512K, 62% used [0x00000000d6180000,0x00000000d61d0000,0x00000000d6200000)
  to   space 1024K, 0% used [0x00000000d6280000,0x00000000d6280000,0x00000000d6380000)
 ParOldGen       total 103936K, used 103900K [0x0000000080000000, 0x0000000086580000, 0x00000000d5580000)
  object space 103936K, 99% used [0x0000000080000000,0x0000000086577390,0x0000000086580000)
 Metaspace       used 67760K, committed 69376K, reserved 1114112K
  class space    used 6939K, committed 7616K, reserved 1048576K
}
Event: 204.521 GC heap after
{Heap after GC invocations=111 (full 3):
 PSYoungGen      total 13312K, used 764K [0x00000000d5580000, 0x00000000d6380000, 0x0000000100000000)
  eden space 12288K, 0% used [0x00000000d5580000,0x00000000d5580000,0x00000000d6180000)
  from space 1024K, 74% used [0x00000000d6280000,0x00000000d633f0b0,0x00000000d6380000)
  to   space 1024K, 0% used [0x00000000d6180000,0x00000000d6180000,0x00000000d6280000)
 ParOldGen       total 104448K, used 104148K [0x0000000080000000, 0x0000000086600000, 0x00000000d5580000)
  object space 104448K, 99% used [0x0000000080000000,0x00000000865b5390,0x0000000086600000)
 Metaspace       used 67760K, committed 69376K, reserved 1114112K
  class space    used 6939K, committed 7616K, reserved 1048576K
}
Event: 204.573 GC heap before
{Heap before GC invocations=112 (full 3):
 PSYoungGen      total 13312K, used 13052K [0x00000000d5580000, 0x00000000d6380000, 0x0000000100000000)
  eden space 12288K, 100% used [0x00000000d5580000,0x00000000d6180000,0x00000000d6180000)
  from space 1024K, 74% used [0x00000000d6280000,0x00000000d633f0b0,0x00000000d6380000)
  to   space 1024K, 0% used [0x00000000d6180000,0x00000000d6180000,0x00000000d6280000)
 ParOldGen       total 104448K, used 104148K [0x0000000080000000, 0x0000000086600000, 0x00000000d5580000)
  object space 104448K, 99% used [0x0000000080000000,0x00000000865b5390,0x0000000086600000)
 Metaspace       used 67785K, committed 69376K, reserved 1114112K
  class space    used 6939K, committed 7616K, reserved 1048576K
}
Event: 204.575 GC heap after
{Heap after GC invocations=112 (full 3):
 PSYoungGen      total 13312K, used 538K [0x00000000d5580000, 0x00000000d6380000, 0x0000000100000000)
  eden space 12288K, 0% used [0x00000000d5580000,0x00000000d5580000,0x00000000d6180000)
  from space 1024K, 52% used [0x00000000d6180000,0x00000000d6206ba0,0x00000000d6280000)
  to   space 1024K, 0% used [0x00000000d6280000,0x00000000d6280000,0x00000000d6380000)
 ParOldGen       total 104960K, used 104741K [0x0000000080000000, 0x0000000086680000, 0x00000000d5580000)
  object space 104960K, 99% used [0x0000000080000000,0x00000000866495c8,0x0000000086680000)
 Metaspace       used 67785K, committed 69376K, reserved 1114112K
  class space    used 6939K, committed 7616K, reserved 1048576K
}
Event: 204.655 GC heap before
{Heap before GC invocations=113 (full 3):
 PSYoungGen      total 13312K, used 12826K [0x00000000d5580000, 0x00000000d6380000, 0x0000000100000000)
  eden space 12288K, 100% used [0x00000000d5580000,0x00000000d6180000,0x00000000d6180000)
  from space 1024K, 52% used [0x00000000d6180000,0x00000000d6206ba0,0x00000000d6280000)
  to   space 1024K, 0% used [0x00000000d6280000,0x00000000d6280000,0x00000000d6380000)
 ParOldGen       total 104960K, used 104741K [0x0000000080000000, 0x0000000086680000, 0x00000000d5580000)
  object space 104960K, 99% used [0x0000000080000000,0x00000000866495c8,0x0000000086680000)
 Metaspace       used 67790K, committed 69376K, reserved 1114112K
  class space    used 6940K, committed 7616K, reserved 1048576K
}
Event: 204.656 GC heap after
{Heap after GC invocations=113 (full 3):
 PSYoungGen      total 13312K, used 582K [0x00000000d5580000, 0x00000000d6380000, 0x0000000100000000)
  eden space 12288K, 0% used [0x00000000d5580000,0x00000000d5580000,0x00000000d6180000)
  from space 1024K, 56% used [0x00000000d6280000,0x00000000d6311898,0x00000000d6380000)
  to   space 1024K, 0% used [0x00000000d6180000,0x00000000d6180000,0x00000000d6280000)
 ParOldGen       total 105472K, used 105155K [0x0000000080000000, 0x0000000086700000, 0x00000000d5580000)
  object space 105472K, 99% used [0x0000000080000000,0x00000000866b0e30,0x0000000086700000)
 Metaspace       used 67790K, committed 69376K, reserved 1114112K
  class space    used 6940K, committed 7616K, reserved 1048576K
}
Event: 204.698 GC heap before
{Heap before GC invocations=114 (full 3):
 PSYoungGen      total 13312K, used 12870K [0x00000000d5580000, 0x00000000d6380000, 0x0000000100000000)
  eden space 12288K, 100% used [0x00000000d5580000,0x00000000d6180000,0x00000000d6180000)
  from space 1024K, 56% used [0x00000000d6280000,0x00000000d6311898,0x00000000d6380000)
  to   space 1024K, 0% used [0x00000000d6180000,0x00000000d6180000,0x00000000d6280000)
 ParOldGen       total 105472K, used 105155K [0x0000000080000000, 0x0000000086700000, 0x00000000d5580000)
  object space 105472K, 99% used [0x0000000080000000,0x00000000866b0e30,0x0000000086700000)
 Metaspace       used 67806K, committed 69440K, reserved 1114112K
  class space    used 6940K, committed 7616K, reserved 1048576K
}
Event: 204.700 GC heap after
{Heap after GC invocations=114 (full 3):
 PSYoungGen      total 13312K, used 676K [0x00000000d5580000, 0x00000000d6380000, 0x0000000100000000)
  eden space 12288K, 0% used [0x00000000d5580000,0x00000000d5580000,0x00000000d6180000)
  from space 1024K, 66% used [0x00000000d6180000,0x00000000d6229118,0x00000000d6280000)
  to   space 1024K, 0% used [0x00000000d6280000,0x00000000d6280000,0x00000000d6380000)
 ParOldGen       total 105984K, used 105606K [0x0000000080000000, 0x0000000086780000, 0x00000000d5580000)
  object space 105984K, 99% used [0x0000000080000000,0x00000000867219b0,0x0000000086780000)
 Metaspace       used 67806K, committed 69440K, reserved 1114112K
  class space    used 6940K, committed 7616K, reserved 1048576K
}
Event: 204.751 GC heap before
{Heap before GC invocations=115 (full 3):
 PSYoungGen      total 13312K, used 12964K [0x00000000d5580000, 0x00000000d6380000, 0x0000000100000000)
  eden space 12288K, 100% used [0x00000000d5580000,0x00000000d6180000,0x00000000d6180000)
  from space 1024K, 66% used [0x00000000d6180000,0x00000000d6229118,0x00000000d6280000)
  to   space 1024K, 0% used [0x00000000d6280000,0x00000000d6280000,0x00000000d6380000)
 ParOldGen       total 105984K, used 105606K [0x0000000080000000, 0x0000000086780000, 0x00000000d5580000)
  object space 105984K, 99% used [0x0000000080000000,0x00000000867219b0,0x0000000086780000)
 Metaspace       used 67810K, committed 69440K, reserved 1114112K
  class space    used 6940K, committed 7616K, reserved 1048576K
}
Event: 204.753 GC heap after
{Heap after GC invocations=115 (full 3):
 PSYoungGen      total 13312K, used 762K [0x00000000d5580000, 0x00000000d6380000, 0x0000000100000000)
  eden space 12288K, 0% used [0x00000000d5580000,0x00000000d5580000,0x00000000d6180000)
  from space 1024K, 74% used [0x00000000d6280000,0x00000000d633e918,0x00000000d6380000)
  to   space 1024K, 0% used [0x00000000d6180000,0x00000000d6180000,0x00000000d6280000)
 ParOldGen       total 106496K, used 106175K [0x0000000080000000, 0x0000000086800000, 0x00000000d5580000)
  object space 106496K, 99% used [0x0000000080000000,0x00000000867afde0,0x0000000086800000)
 Metaspace       used 67810K, committed 69440K, reserved 1114112K
  class space    used 6940K, committed 7616K, reserved 1048576K
}
Event: 204.814 GC heap before
{Heap before GC invocations=116 (full 3):
 PSYoungGen      total 13312K, used 13050K [0x00000000d5580000, 0x00000000d6380000, 0x0000000100000000)
  eden space 12288K, 100% used [0x00000000d5580000,0x00000000d6180000,0x00000000d6180000)
  from space 1024K, 74% used [0x00000000d6280000,0x00000000d633e918,0x00000000d6380000)
  to   space 1024K, 0% used [0x00000000d6180000,0x00000000d6180000,0x00000000d6280000)
 ParOldGen       total 106496K, used 106175K [0x0000000080000000, 0x0000000086800000, 0x00000000d5580000)
  object space 106496K, 99% used [0x0000000080000000,0x00000000867afde0,0x0000000086800000)
 Metaspace       used 67812K, committed 69440K, reserved 1114112K
  class space    used 6940K, committed 7616K, reserved 1048576K
}
Event: 204.816 GC heap after
{Heap after GC invocations=116 (full 3):
 PSYoungGen      total 13312K, used 849K [0x00000000d5580000, 0x00000000d6380000, 0x0000000100000000)
  eden space 12288K, 0% used [0x00000000d5580000,0x00000000d5580000,0x00000000d6180000)
  from space 1024K, 82% used [0x00000000d6180000,0x00000000d6254598,0x00000000d6280000)
  to   space 1024K, 0% used [0x00000000d6280000,0x00000000d6280000,0x00000000d6380000)
 ParOldGen       total 107008K, used 106730K [0x0000000080000000, 0x0000000086880000, 0x00000000d5580000)
  object space 107008K, 99% used [0x0000000080000000,0x000000008683ab60,0x0000000086880000)
 Metaspace       used 67812K, committed 69440K, reserved 1114112K
  class space    used 6940K, committed 7616K, reserved 1048576K
}
Event: 204.862 GC heap before
{Heap before GC invocations=117 (full 3):
 PSYoungGen      total 13312K, used 13137K [0x00000000d5580000, 0x00000000d6380000, 0x0000000100000000)
  eden space 12288K, 100% used [0x00000000d5580000,0x00000000d6180000,0x00000000d6180000)
  from space 1024K, 82% used [0x00000000d6180000,0x00000000d6254598,0x00000000d6280000)
  to   space 1024K, 0% used [0x00000000d6280000,0x00000000d6280000,0x00000000d6380000)
 ParOldGen       total 107008K, used 106730K [0x0000000080000000, 0x0000000086880000, 0x00000000d5580000)
  object space 107008K, 99% used [0x0000000080000000,0x000000008683ab60,0x0000000086880000)
 Metaspace       used 67813K, committed 69440K, reserved 1114112K
  class space    used 6940K, committed 7616K, reserved 1048576K
}
Event: 204.865 GC heap after
{Heap after GC invocations=117 (full 3):
 PSYoungGen      total 13312K, used 795K [0x00000000d5580000, 0x00000000d6380000, 0x0000000100000000)
  eden space 12288K, 0% used [0x00000000d5580000,0x00000000d5580000,0x00000000d6180000)
  from space 1024K, 77% used [0x00000000d6280000,0x00000000d6346c58,0x00000000d6380000)
  to   space 1024K, 0% used [0x00000000d6180000,0x00000000d6180000,0x00000000d6280000)
 ParOldGen       total 107520K, used 107395K [0x0000000080000000, 0x0000000086900000, 0x00000000d5580000)
  object space 107520K, 99% used [0x0000000080000000,0x00000000868e0f50,0x0000000086900000)
 Metaspace       used 67813K, committed 69440K, reserved 1114112K
  class space    used 6940K, committed 7616K, reserved 1048576K
}
Event: 470.595 GC heap before
{Heap before GC invocations=118 (full 3):
 PSYoungGen      total 13312K, used 13078K [0x00000000d5580000, 0x00000000d6380000, 0x0000000100000000)
  eden space 12288K, 99% used [0x00000000d5580000,0x00000000d617ef68,0x00000000d6180000)
  from space 1024K, 77% used [0x00000000d6280000,0x00000000d6346c58,0x00000000d6380000)
  to   space 1024K, 0% used [0x00000000d6180000,0x00000000d6180000,0x00000000d6280000)
 ParOldGen       total 107520K, used 107395K [0x0000000080000000, 0x0000000086900000, 0x00000000d5580000)
  object space 107520K, 99% used [0x0000000080000000,0x00000000868e0f50,0x0000000086900000)
 Metaspace       used 68045K, committed 69696K, reserved 1114112K
  class space    used 6982K, committed 7680K, reserved 1048576K
}
Event: 470.742 GC heap after
{Heap after GC invocations=118 (full 3):
 PSYoungGen      total 13312K, used 994K [0x00000000d5580000, 0x00000000d6480000, 0x0000000100000000)
  eden space 12288K, 0% used [0x00000000d5580000,0x00000000d5580000,0x00000000d6180000)
  from space 1024K, 97% used [0x00000000d6180000,0x00000000d6278a90,0x00000000d6280000)
  to   space 1536K, 0% used [0x00000000d6300000,0x00000000d6300000,0x00000000d6480000)
 ParOldGen       total 108032K, used 107819K [0x0000000080000000, 0x0000000086980000, 0x00000000d5580000)
  object space 108032K, 99% used [0x0000000080000000,0x000000008694af50,0x0000000086980000)
 Metaspace       used 68045K, committed 69696K, reserved 1114112K
  class space    used 6982K, committed 7680K, reserved 1048576K
}

